0 info it worked if it ends with ok
1 verbose cli [ '/usr/local/bin/iojs', '/usr/local/bin/npm', 'publish' ]
2 info using npm@2.6.1
3 info using node@v1.4.3
4 verbose publish [ '.' ]
5 silly cache add args [ '.', null ]
6 verbose cache add spec .
7 silly cache add parsed spec { raw: '.',
7 silly cache add   scope: null,
7 silly cache add   name: null,
7 silly cache add   rawSpec: '.',
7 silly cache add   spec: '/home/manbearpig/projects/lunkcrypt',
7 silly cache add   type: 'directory' }
8 verbose addLocalDirectory /home/manbearpig/.npm/lunkcrypt/0.1.0/package.tgz not in flight; packing
9 verbose tar pack [ '/home/manbearpig/.npm/lunkcrypt/0.1.0/package.tgz',
9 verbose tar pack   '/home/manbearpig/projects/lunkcrypt' ]
10 verbose tarball /home/manbearpig/.npm/lunkcrypt/0.1.0/package.tgz
11 verbose folder /home/manbearpig/projects/lunkcrypt
12 info prepublish lunkcrypt@0.1.0
13 verbose addLocalTarball adding from inside cache /home/manbearpig/.npm/lunkcrypt/0.1.0/package.tgz
14 silly cache afterAdd lunkcrypt@0.1.0
15 verbose afterAdd /home/manbearpig/.npm/lunkcrypt/0.1.0/package/package.json not in flight; writing
16 verbose afterAdd /home/manbearpig/.npm/lunkcrypt/0.1.0/package/package.json written
17 silly publish { name: 'lunkcrypt',
17 silly publish   main: 'bin/lunkcrypt',
17 silly publish   version: '0.1.0',
17 silly publish   dependencies: { commander: 'latest', wrench: 'latest' },
17 silly publish   keywords: [ 'encryption', 'aes', 'security' ],
17 silly publish   description: 'Quick and gritty AES-256 file encryption cli.',
17 silly publish   author: '',
17 silly publish   repository:
17 silly publish    { type: 'git',
17 silly publish      url: 'https://github.com/wookiecooking/lunkcrypt.git' },
17 silly publish   bin: { lunk: './bin/lunkcrypt' },
17 silly publish   readme: '# Lunkcrypt\nQuick and gritty AES-256 file encryption cli.\n\n#### Demo\n![Demo](https://raw.githubusercontent.com/wookiecooking/lunkcrypt/master/demo.gif)\n\n[More Information About AES](http://en.wikipedia.org/wiki/Advanced_Encryption_Standard)\n\n### Install\n\t`npm install -g lunkcrypt`\n### Encrypt :\n\tlunk -e somefile.txt -p "some random password"\n### Decrypt :\n\tlunk -d somefile.txt -p "some random password"\n### Recursive :\n\tlunk -er somefolder/ -p "some random password"\n### Generate Password :\n\tlunk -ge somefile.txt\n\n### License\n```\nThe MIT License (MIT)\n\nCopyright (c) 2015 Austin Turnage\n\nPermission is hereby granted, free of charge, to any person obtaining a copy of\nthis software and associated documentation files (the "Software"), to deal in\nthe Software without restriction, including without limitation the rights to\nuse, copy, modify, merge, publish, distribute, sublicense, and/or sell copies of\nthe Software, and to permit persons to whom the Software is furnished to do so,\nsubject to the following conditions:\n\nThe above copyright notice and this permission notice shall be included in all\ncopies or substantial portions of the Software.\n\nTHE SOFTWARE IS PROVIDED "AS IS", WITHOUT WARRANTY OF ANY KIND, EXPRESS OR\nIMPLIED, INCLUDING BUT NOT LIMITED TO THE WARRANTIES OF MERCHANTABILITY, FITNESS\nFOR A PARTICULAR PURPOSE AND NONINFRINGEMENT. IN NO EVENT SHALL THE AUTHORS OR\nCOPYRIGHT HOLDERS BE LIABLE FOR ANY CLAIM, DAMAGES OR OTHER LIABILITY, WHETHER\nIN AN ACTION OF CONTRACT, TORT OR OTHERWISE, ARISING FROM, OUT OF OR IN\nCONNECTION WITH THE SOFTWARE OR THE USE OR OTHER DEALINGS IN THE SOFTWARE.\n```\n\n',
17 silly publish   readmeFilename: 'README.md',
17 silly publish   gitHead: '8cc86154533da56d8375aec21ca4e94fb157e929',
17 silly publish   bugs: { url: 'https://github.com/wookiecooking/lunkcrypt/issues' },
17 silly publish   homepage: 'https://github.com/wookiecooking/lunkcrypt',
17 silly publish   _id: 'lunkcrypt@0.1.0',
17 silly publish   scripts: {},
17 silly publish   _shasum: 'd7db6c5f1885cda6db7676ca65ea90508ef8832d',
17 silly publish   _from: '.' }
18 silly mapToRegistry name lunkcrypt
19 silly mapToRegistry using default registry
20 silly mapToRegistry registry https://registry.npmjs.org/
21 silly mapToRegistry uri https://registry.npmjs.org/lunkcrypt
22 verbose publish registryBase https://registry.npmjs.org/
23 silly publish uploading /home/manbearpig/.npm/lunkcrypt/0.1.0/package.tgz
24 verbose request uri https://registry.npmjs.org/lunkcrypt
25 verbose request sending authorization for write operation
26 info attempt registry request try #1 at 10:24:45
27 verbose request id b8c1f0e7bc6791e4
28 http request PUT https://registry.npmjs.org/lunkcrypt
29 http 403 https://registry.npmjs.org/lunkcrypt
30 verbose headers { date: 'Fri, 20 Mar 2015 14:18:17 GMT',
30 verbose headers   server: 'CouchDB/1.5.0 (Erlang OTP/R16B03)',
30 verbose headers   'content-type': 'application/json',
30 verbose headers   'cache-control': 'max-age=60',
30 verbose headers   'content-length': '4184',
30 verbose headers   'accept-ranges': 'bytes',
30 verbose headers   via: '1.1 varnish',
30 verbose headers   'x-served-by': 'cache-ams4122-AMS',
30 verbose headers   'x-cache': 'MISS',
30 verbose headers   'x-cache-hits': '0',
30 verbose headers   'x-timer': 'S1426861096.620698,VS0,VE1089',
30 verbose headers   'keep-alive': 'timeout=10, max=50',
30 verbose headers   connection: 'Keep-Alive' }
31 verbose request invalidating /home/manbearpig/.npm/registry.npmjs.org/lunkcrypt on PUT
32 error publish Failed PUT 403
33 verbose stack Error: forbidden cannot modify pre-existing version: 0.1.0
33 verbose stack old={"name":"lunkcrypt","main":"bin/lunkcrypt","version":"0.1.0","dependencies":{"commander":"latest","wrench":"latest"},"keywords":["encryption","aes","security"],"description":"Quick and gritty AES-256 file encryption cli.","author":"","repository":{"type":"git","url":"https://github.com/wookiecooking/lunkcrypt.git"},"bin":{"lunk":"./bin/lunkcrypt"},"gitHead":"5de9df25f997c9953d3fda0c70417e387bff1426","bugs":{"url":"https://github.com/wookiecooking/lunkcrypt/issues"},"homepage":"https://github.com/wookiecooking/lunkcrypt","_id":"lunkcrypt@0.1.0","scripts":{},"_shasum":"9f733dab0dff1a40f500a34b3d17cf7f10096306","_from":".","_npmVersion":"2.6.1","_nodeVersion":"1.4.3","_npmUser":{"name":"wookiecooking","email":"npm@datarats.com"},"maintainers":[{"name":"wookiecooking","email":"npm@datarats.com"}],"dist":{"shasum":"9f733dab0dff1a40f500a34b3d17cf7f10096306","tarball":"http://registry.npmjs.org/lunkcrypt/-/lunkcrypt-0.1.0.tgz"}}
33 verbose stack new={"name":"lunkcrypt","main":"bin/lunkcrypt","version":"0.1.0","dependencies":{"commander":"latest","wrench":"latest"},"keywords":["encryption","aes","security"],"description":"Quick and gritty AES-256 file encryption cli.","author":"","repository":{"type":"git","url":"https://github.com/wookiecooking/lunkcrypt.git"},"bin":{"lunk":"./bin/lunkcrypt"},"readme":"# Lunkcrypt\u000aQuick and gritty AES-256 file encryption cli.\u000a\u000a#### Demo\u000a![Demo](https://raw.githubusercontent.com/wookiecooking/lunkcrypt/master/demo.gif)\u000a\u000a[More Information About AES](http://en.wikipedia.org/wiki/Advanced_Encryption_Standard)\u000a\u000a### Install\u000a\u0009`npm install -g lunkcrypt`\u000a### Encrypt :\u000a\u0009lunk -e somefile.txt -p \"some random password\"\u000a### Decrypt :\u000a\u0009lunk -d somefile.txt -p \"some random password\"\u000a### Recursive :\u000a\u0009lunk -er somefolder/ -p \"some random password\"\u000a### Generate Password :\u000a\u0009lunk -ge somefile.txt\u000a\u000a### License\u000a```\u000aThe MIT License (MIT)\u000a\u000aCopyright (c) 2015 Austin Turnage\u000a\u000aPermission is hereby granted, free of charge, to any person obtaining a copy of\u000athis software and associated documentation files (the \"Software\"), to deal in\u000athe Software without restriction, including without limitation the rights to\u000ause, copy, modify, merge, publish, distribute, sublicense, and/or sell copies of\u000athe Software, and to permit persons to whom the Software is furnished to do so,\u000asubject to the following conditions:\u000a\u000aThe above copyright notice and this permission notice shall be included in all\u000acopies or substantial portions of the Software.\u000a\u000aTHE SOFTWARE IS PROVIDED \"AS IS\", WITHOUT WARRANTY OF ANY KIND, EXPRESS OR\u000aIMPLIED, INCLUDING BUT NOT LIMITED TO THE WARRANTIES OF MERCHANTABILITY, FITNESS\u000aFOR A PARTICULAR PURPOSE AND NONINFRINGEMENT. IN NO EVENT SHALL THE AUTHORS OR\u000aCOPYRIGHT HOLDERS BE LIABLE FOR ANY CLAIM, DAMAGES OR OTHER LIABILITY, WHETHER\u000aIN AN ACTION OF CONTRACT, TORT OR OTHERWISE, ARISING FROM, OUT OF OR IN\u000aCONNECTION WITH THE SOFTWARE OR THE USE OR OTHER DEALINGS IN THE SOFTWARE.\u000a```\u000a\u000a","readmeFilename":"README.md","gitHead":"8cc86154533da56d8375aec21ca4e94fb157e929","bugs":{"url":"https://github.com/wookiecooking/lunkcrypt/issues"},"homepage":"https://github.com/wookiecooking/lunkcrypt","_id":"lunkcrypt@0.1.0","scripts":{},"_shasum":"d7db6c5f1885cda6db7676ca65ea90508ef8832d","_from":".","_npmVersion":"2.6.1","_nodeVersion":"1.4.3","_npmUser":{"name":"wookiecooking","email":"npm@datarats.com"},"maintainers":[{"name":"wookiecooking","email":"npm@datarats.com"}],"dist":{"shasum":"d7db6c5f1885cda6db7676ca65ea90508ef8832d","tarball":"http://registry.npmjs.org/lunkcrypt/-/lunkcrypt-0.1.0.tgz"}}: lunkcrypt
33 verbose stack     at CachingRegistryClient.<anonymous> (/usr/local/lib/node_modules/npm/node_modules/npm-registry-client/lib/request.js:254:14)
33 verbose stack     at Request._callback (/usr/local/lib/node_modules/npm/node_modules/npm-registry-client/lib/request.js:178:14)
33 verbose stack     at Request.self.callback (/usr/local/lib/node_modules/npm/node_modules/request/request.js:344:22)
33 verbose stack     at emitTwo (events.js:87:13)
33 verbose stack     at Request.emit (events.js:169:7)
33 verbose stack     at Request.<anonymous> (/usr/local/lib/node_modules/npm/node_modules/request/request.js:1239:14)
33 verbose stack     at emitOne (events.js:82:20)
33 verbose stack     at Request.emit (events.js:166:7)
33 verbose stack     at IncomingMessage.<anonymous> (/usr/local/lib/node_modules/npm/node_modules/request/request.js:1187:12)
33 verbose stack     at emitNone (events.js:72:20)
34 verbose statusCode 403
35 verbose pkgid lunkcrypt
36 verbose cwd /home/manbearpig/projects/lunkcrypt
37 error Linux 3.13.0-36-generic
38 error argv "/usr/local/bin/iojs" "/usr/local/bin/npm" "publish"
39 error node v1.4.3
40 error npm  v2.6.1
41 error code E403
42 error forbidden cannot modify pre-existing version: 0.1.0
42 error old={"name":"lunkcrypt","main":"bin/lunkcrypt","version":"0.1.0","dependencies":{"commander":"latest","wrench":"latest"},"keywords":["encryption","aes","security"],"description":"Quick and gritty AES-256 file encryption cli.","author":"","repository":{"type":"git","url":"https://github.com/wookiecooking/lunkcrypt.git"},"bin":{"lunk":"./bin/lunkcrypt"},"gitHead":"5de9df25f997c9953d3fda0c70417e387bff1426","bugs":{"url":"https://github.com/wookiecooking/lunkcrypt/issues"},"homepage":"https://github.com/wookiecooking/lunkcrypt","_id":"lunkcrypt@0.1.0","scripts":{},"_shasum":"9f733dab0dff1a40f500a34b3d17cf7f10096306","_from":".","_npmVersion":"2.6.1","_nodeVersion":"1.4.3","_npmUser":{"name":"wookiecooking","email":"npm@datarats.com"},"maintainers":[{"name":"wookiecooking","email":"npm@datarats.com"}],"dist":{"shasum":"9f733dab0dff1a40f500a34b3d17cf7f10096306","tarball":"http://registry.npmjs.org/lunkcrypt/-/lunkcrypt-0.1.0.tgz"}}
42 error new={"name":"lunkcrypt","main":"bin/lunkcrypt","version":"0.1.0","dependencies":{"commander":"latest","wrench":"latest"},"keywords":["encryption","aes","security"],"description":"Quick and gritty AES-256 file encryption cli.","author":"","repository":{"type":"git","url":"https://github.com/wookiecooking/lunkcrypt.git"},"bin":{"lunk":"./bin/lunkcrypt"},"readme":"# Lunkcrypt\u000aQuick and gritty AES-256 file encryption cli.\u000a\u000a#### Demo\u000a![Demo](https://raw.githubusercontent.com/wookiecooking/lunkcrypt/master/demo.gif)\u000a\u000a[More Information About AES](http://en.wikipedia.org/wiki/Advanced_Encryption_Standard)\u000a\u000a### Install\u000a\u0009`npm install -g lunkcrypt`\u000a### Encrypt :\u000a\u0009lunk -e somefile.txt -p \"some random password\"\u000a### Decrypt :\u000a\u0009lunk -d somefile.txt -p \"some random password\"\u000a### Recursive :\u000a\u0009lunk -er somefolder/ -p \"some random password\"\u000a### Generate Password :\u000a\u0009lunk -ge somefile.txt\u000a\u000a### License\u000a```\u000aThe MIT License (MIT)\u000a\u000aCopyright (c) 2015 Austin Turnage\u000a\u000aPermission is hereby granted, free of charge, to any person obtaining a copy of\u000athis software and associated documentation files (the \"Software\"), to deal in\u000athe Software without restriction, including without limitation the rights to\u000ause, copy, modify, merge, publish, distribute, sublicense, and/or sell copies of\u000athe Software, and to permit persons to whom the Software is furnished to do so,\u000asubject to the following conditions:\u000a\u000aThe above copyright notice and this permission notice shall be included in all\u000acopies or substantial portions of the Software.\u000a\u000aTHE SOFTWARE IS PROVIDED \"AS IS\", WITHOUT WARRANTY OF ANY KIND, EXPRESS OR\u000aIMPLIED, INCLUDING BUT NOT LIMITED TO THE WARRANTIES OF MERCHANTABILITY, FITNESS\u000aFOR A PARTICULAR PURPOSE AND NONINFRINGEMENT. IN NO EVENT SHALL THE AUTHORS OR\u000aCOPYRIGHT HOLDERS BE LIABLE FOR ANY CLAIM, DAMAGES OR OTHER LIABILITY, WHETHER\u000aIN AN ACTION OF CONTRACT, TORT OR OTHERWISE, ARISING FROM, OUT OF OR IN\u000aCONNECTION WITH THE SOFTWARE OR THE USE OR OTHER DEALINGS IN THE SOFTWARE.\u000a```\u000a\u000a","readmeFilename":"README.md","gitHead":"8cc86154533da56d8375aec21ca4e94fb157e929","bugs":{"url":"https://github.com/wookiecooking/lunkcrypt/issues"},"homepage":"https://github.com/wookiecooking/lunkcrypt","_id":"lunkcrypt@0.1.0","scripts":{},"_shasum":"d7db6c5f1885cda6db7676ca65ea90508ef8832d","_from":".","_npmVersion":"2.6.1","_nodeVersion":"1.4.3","_npmUser":{"name":"wookiecooking","email":"npm@datarats.com"},"maintainers":[{"name":"wookiecooking","email":"npm@datarats.com"}],"dist":{"shasum":"d7db6c5f1885cda6db7676ca65ea90508ef8832d","tarball":"http://registry.npmjs.org/lunkcrypt/-/lunkcrypt-0.1.0.tgz"}}: lunkcrypt
43 error If you need help, you may report this error at:
43 error     <http://github.com/npm/npm/issues>
44 verbose exit [ 1, true ]
